<?xml version="1.0" encoding="UTF-8"?>
<!-- Generated by org.testng.reporters.JUnitReportReporter -->
<testsuite skipped="0" hostname="DESKTOP-4UBEI9K" name="MailCheckerTest" tests="1" failures="0" timestamp="30 May 2018 15:07:22 GMT" time="8.197" errors="0">
  <testcase name="gmailTest" time="8.197" classname="MailCheckerTest"/>
</testsuite> <!-- MailCheckerTest -->
