<?xml version="1.0" encoding="UTF-8"?>
<!-- Generated by org.testng.reporters.JUnitReportReporter -->
<testsuite skipped="0" hostname="DESKTOP-4UBEI9K" name="MailCheckerTest" tests="1" failures="0" timestamp="29 May 2018 13:06:32 GMT" time="4.262" errors="0">
  <testcase name="gmailTest" time="4.262" classname="MailCheckerTest"/>
</testsuite> <!-- MailCheckerTest -->
